Case #1: Elizabeth Bailey Young,Laura Anderson Phillips
Case #2: Emma Price Scott,Louise Sullivan Flores
Case #3: NONE
Case #4: Grace Baker Lewis,Paige Rodriguez Moore
Case #5: NONE
Case #6: Natasha Rivera Mitchell
Case #7: Chelsea Sanchez Harris,Chelsea Thomas Gray,Louise Mitchell Wilson
Case #8: NONE
Case #9: NONE
Case #10: Molly Sanchez Garcia
Case #11: Katie Garcia Flores
Case #12: NONE
Case #13: Alicia Perez Brooks,Amber Long Scott
Case #14: Jay James Cox,Nathan Russell Garcia
Case #15: Jennifer Moore Reed
Case #16: NONE
Case #17: George Nguyen Reyes,Owen Edwards Wright
Case #18: Jessica Collins Ortiz
Case #19: Phoebe Perez Flores
Case #20: Billy Hall Lee
Case #21: Abby Morales Morales,Maisie Powell Clark
Case #22: NONE
Case #23: NONE
Case #24: Megan Rivera Myers
Case #25: Harriet Perez Hill
Case #26: Abbie Long Nelson,Charlie Rogers Kelly
Case #27: Mohammad Gomez White
Case #28: Kate Walker Bell,Natasha Adams Hall
Case #29: Holly Ward Anderson
Case #30: NONE
Case #31: Abbie Gonzalez Butler,Isabella Torres Hall
Case #32: NONE
Case #33: Amy Hill Lee,Harriet Martinez Adams
Case #34: Emma Miller Morris,Harriet Myers Torres
Case #35: Morgan Peterson Cook
Case #36: Ben Ramirez Cook,Harrison Phillips Kelly
Case #37: Edward Perry James
Case #38: Evie Harris Ortiz
Case #39: Charlie White Powell,Erin Bell Foster
Case #40: Brooke King Brown
Case #41: Eloise Bailey Gomez,Madison Ramirez Williams
Case #42: Paige Diaz Evans
Case #43: Nathan Sanchez Edwards
Case #44: Aaliyah Collins Reyes,Abigail Morgan Barnes,Kate Martin Smith
Case #45: NONE
Case #46: James Lopez Morgan,Tom Long Harris
Case #47: Sam Moore Taylor
Case #48: Madeleine Clark Ramirez,Mollie Peterson Wilson,Rosie Gomez Harris
Case #49: Daniel Hernandez Robinson,Leo Peterson Bell
Case #50: NONE
Case #51: Molly Ross Nelson
Case #52: NONE
Case #53: NONE
Case #54: NONE
Case #55: Elizabeth Harris Carter,Kayleigh Sullivan White
Case #56: NONE
Case #57: NONE
Case #58: Alicia Wood Cooper,Morgan Roberts Sullivan
Case #59: Anna Martinez Miller
Case #60: Natasha Adams Reed
Case #61: Sophie Powell Brooks
Case #62: Lucas Campbell Hill,Ryan Green Thomas
Case #63: NONE
Case #64: NONE
Case #65: Eloise Gutierrez Lewis,Lara Gomez Cook
Case #66: Ben Green Hall,Dylan Morris Gonzalez
Case #67: NONE
Case #68: NONE
Case #69: Lewis Russell Davis
Case #70: NONE
Case #71: NONE
Case #72: NONE
Case #73: NONE
Case #74: Andrew Martin King
Case #75: NONE
Case #76: Henry Powell Richardson
Case #77: Edward Morales Phillips,John Gray Bailey
Case #78: NONE
Case #79: NONE
Case #80: NONE
Case #81: NONE
Case #82: Andrew Garcia Butler,Sam Sanchez Parker
Case #83: Morgan Jackson Martin
Case #84: NONE
Case #85: Finley Cruz Brown
Case #86: Aaliyah Price Cruz
Case #87: Connor Mitchell Morris,Finlay Foster Murphy
Case #88: Grace Powell Martin
Case #89: Kai Myers Hughes
Case #90: Charlotte Garcia Jones
Case #91: NONE
Case #92: NONE
Case #93: Jordan James Perez,Noah Richardson Foster,Sebastian White Garcia
Case #94: Daisy Barnes Wright,Freya Lopez Gomez
Case #95: NONE
Case #96: NONE
Case #97: Chelsea Price Taylor,Isobel Perry Miller
Case #98: NONE
Case #99: Madison Torres Campbell
Case #100: NONE
